n = 500, simulation time = 0.036329 seconds
n_proc 16 rank 48
n = 500, simulation time = 0.520178 seconds
n_proc 4260433 rank 0
n_proc 4260433 rank 0
n = 500, simulation time = 0.267079 seconds
n_proc 4260433 rank 0
n_proc 4260433 rank 0
n_proc 4260433 rank 0
n_proc 4260433 rank 0
n = 500, simulation time = 0.15364 seconds
n_proc 4260433 rank 0
n_proc 4260433 rank 0
n_proc 4260433 rank 0
n_proc 4260433 rank 0
n_proc 4260433 rank 0
n_proc 4260433 rank 0
n = 500, simulation time = 0.102982 seconds
n_proc 11184992 rank 0
n_proc 11184992 rank 0
n_proc 11184992 rank 0
n_proc 11184992 rank 0
n_proc 11184992 rank 0
n_proc 11184992 rank 0
n_proc 11184992 rank 0
n_proc 11184992 rank 0
n_proc 11184992 rank 0
n_proc 11184992 rank 0
n_proc 11184992 rank 0
n_proc 11184992 rank 0
n = 500, simulation time = 0.066675 seconds
n_proc 11184992 rank 0
n_proc 11184992 rank 0
n_proc 11184992 rank 0
n_proc 11184992 rank 0
n_proc 11184992 rank 0
n_proc 11184992 rank 0
n_proc 11184992 rank 0
n_proc 11184992 rank 0
n_proc 11184992 rank 0
n_proc 11184992 rank 0
n_proc 11184992 rank 0
n_proc 11184992 rank 0
n_proc 11184992 rank 0
n_proc 11184992 rank 0
n_proc 11184992 rank 0
n_proc 11184992 rank 0
n = 500, simulation time = 0.06123 seconds
n_proc 11184992 rank 0
n_proc 11184992 rank 0
n_proc 11184992 rank 0
n_proc 11184992 rank 0
n_proc 11184992 rank 0
n_proc 11184992 rank 0
n_proc 11184992 rank 0
n_proc 11184992 rank 0
n_proc 11184992 rank 0
n_proc 11184992 rank 0
n_proc 11184992 rank 0
n_proc 11184992 rank 0
n_proc 11184992 rank 0
n_proc 11184992 rank 0
n_proc 11184992 rank 0
n_proc 11184992 rank 0
n_proc 11184992 rank 0
n_proc 11184992 rank 0
n_proc 11184992 rank 0
n_proc 11184992 rank 0
n_proc 11184992 rank 0
n_proc 11184992 rank 0
n_proc 11184992 rank 0
n_proc 11184992 rank 0
n = 500, simulation time = 0.046159 seconds
n_proc 8530248 rank 0
n_proc 8530248 rank 0
n_proc 8530248 rank 0
n_proc 8530248 rank 0
n_proc 8530248 rank 0
n_proc 8530248 rank 0
n_proc 8530248 rank 0
n_proc 8530248 rank 0
n_proc 8530248 rank 0
n_proc 8530248 rank 0
n_proc 8530248 rank 0
n_proc 8530248 rank 0
n_proc 8530248 rank 0
n_proc 8530248 rank 0
n_proc 8530248 rank 0
n_proc 8530248 rank 0
n_proc 8530248 rank 0
n_proc 8530248 rank 0
n_proc 8530248 rank 0
n_proc 8530248 rank 0
n_proc 8530248 rank 0
n_proc 8530248 rank 0
n_proc 8530248 rank 0
n_proc 8530248 rank 0
n_proc 8530248 rank 0
n_proc 8530248 rank 0
n_proc 8530248 rank 0
n_proc 8530248 rank 0
n_proc 8530248 rank 0
n_proc 8530248 rank 0
n_proc 8530248 rank 0
n_proc 8530248 rank 0
n = 500, simulation time = 0.24097 seconds
n_proc 4260433 rank 0
n_proc 4260433 rank 0
n = 1000, simulation time = 1.10268 seconds
n_proc 4260433 rank 0
n_proc 4260433 rank 0
n_proc 4260433 rank 0
n_proc 4260433 rank 0
n = 2000, simulation time = 2.11527 seconds
n_proc 4260433 rank 0
n_proc 4260433 rank 0
n_proc 4260433 rank 0
n_proc 4260433 rank 0
n_proc 4260433 rank 0
n_proc 4260433 rank 0
n = 3000, simulation time = 3.39114 seconds
n_proc 11184992 rank 0
n_proc 11184992 rank 0
n_proc 11184992 rank 0
n_proc 11184992 rank 0
n_proc 11184992 rank 0
n_proc 11184992 rank 0
n_proc 11184992 rank 0
n_proc 11184992 rank 0
n_proc 11184992 rank 0
n_proc 11184992 rank 0
n_proc 11184992 rank 0
n_proc 11184992 rank 0
n = 6000, simulation time = 7.249 seconds
n_proc 11184992 rank 0
n_proc 11184992 rank 0
n_proc 11184992 rank 0
n_proc 11184992 rank 0
n_proc 11184992 rank 0
n_proc 11184992 rank 0
n_proc 11184992 rank 0
n_proc 11184992 rank 0
n_proc 11184992 rank 0
n_proc 11184992 rank 0
n_proc 11184992 rank 0
n_proc 11184992 rank 0
n_proc 11184992 rank 0
n_proc 11184992 rank 0
n_proc 11184992 rank 0
n_proc 11184992 rank 0
n = 8000, simulation time = 10.4196 seconds
n_proc 11184992 rank 0
n_proc 11184992 rank 0
n_proc 11184992 rank 0
n_proc 11184992 rank 0
n_proc 11184992 rank 0
n_proc 11184992 rank 0
n_proc 11184992 rank 0
n_proc 11184992 rank 0
n_proc 11184992 rank 0
n_proc 11184992 rank 0
n_proc 11184992 rank 0
n_proc 11184992 rank 0
n_proc 11184992 rank 0
n_proc 11184992 rank 0
n_proc 11184992 rank 0
n_proc 11184992 rank 0
n_proc 11184992 rank 0
n_proc 11184992 rank 0
n_proc 11184992 rank 0
n_proc 11184992 rank 0
n_proc 11184992 rank 0
n_proc 11184992 rank 0
n_proc 11184992 rank 0
n_proc 11184992 rank 0
n = 12000, simulation time = 16.4307 seconds
n_proc 11184992 rank 0
n_proc 11184992 rank 0
n_proc 11184992 rank 0
n_proc 11184992 rank 0
n_proc 11184992 rank 0
n_proc 11184992 rank 0
n_proc 11184992 rank 0
n_proc 11184992 rank 0
n_proc 11184992 rank 0
n_proc 11184992 rank 0
n_proc 11184992 rank 0
n_proc 11184992 rank 0
n_proc 11184992 rank 0
n_proc 11184992 rank 0
n_proc 11184992 rank 0
n_proc 11184992 rank 0
n_proc 11184992 rank 0
n_proc 11184992 rank 0
n_proc 11184992 rank 0
n_proc 11184992 rank 0
n_proc 11184992 rank 0
n_proc 11184992 rank 0
n_proc 11184992 rank 0
n_proc 11184992 rank 0
n_proc 11184992 rank 0
n_proc 11184992 rank 0
n_proc 11184992 rank 0
n_proc 11184992 rank 0
n_proc 11184992 rank 0
n_proc 11184992 rank 0
n_proc 11184992 rank 0
n_proc 11184992 rank 0
n = 16000, simulation time = 20.5168 seconds

Strong scaling estimates are :
    0.07    0.14    0.24    0.35    0.54    0.59    0.79    0.15 (speedup)
    0.07    0.07    0.06    0.06    0.05    0.04    0.03    0.00 (efficiency)    for
       1       2       4       6      12      16      24      32 threads/processors

Average strong scaling efficiency:    0.05 

Weak scaling estimates are :
    0.07    0.03    0.02    0.01    0.01    0.00    0.00    0.00 (efficiency)    for
       1       2       4       6      12      16      24      32 threads/processors

Average weak scaling efficiency:    0.02 

